# JRE version: OpenJDK Runtime Environment Temurin-17.0.13+11 (17.0.13+11) (build 17.0.13+11)
# Java VM: OpenJDK 64-Bit Server VM Temurin-17.0.13+11 (17.0.13+11, mixed mode, tiered, compressed oops, compressed class ptrs, parallel gc, windows-amd64)
GC Precious Log:
 CPUs: 12 total, 12 available
 Memory: 32697M
 Large Page Support: Disabled
 NUMA Support: Disabled
 Compressed Oops: Enabled (32-bit)
 Alignments: Space 512K, Generation 512K, Heap 2M
 Heap Min Capacity: 100M
 Heap Initial Capacity: 100M
 Heap Max Capacity: 1G
 Pre-touch: Disabled
 Parallel Workers: 10
Heap:
 PSYoungGen      total 68096K, used 67855K [0x00000000eab00000, 0x00000000f0980000, 0x0000000100000000)
  eden space 42496K, 99% used [0x00000000eab00000,0x00000000ed47a5d0,0x00000000ed480000)
  from space 25600K, 99% used [0x00000000ef080000,0x00000000f0949830,0x00000000f0980000)
  to   space 27136K, 0% used [0x00000000ed480000,0x00000000ed480000,0x00000000eef00000)
 ParOldGen       total 331776K, used 328769K [0x00000000c0000000, 0x00000000d4400000, 0x00000000eab00000)
  object space 331776K, 99% used [0x00000000c0000000,0x00000000d41106f0,0x00000000d4400000)
 Metaspace       used 66022K, committed 67264K, reserved 1114112K
  class space    used 7156K, committed 7680K, reserved 1048576K
GC Heap History (20 events):
Event: 13.426 GC heap after
{Heap after GC invocations=149 (full 8):
 PSYoungGen      total 31744K, used 7654K [0x00000000eab00000, 0x00000000ed980000, 0x0000000100000000)
  eden space 24064K, 0% used [0x00000000eab00000,0x00000000eab00000,0x00000000ec280000)
  from space 7680K, 99% used [0x00000000ec400000,0x00000000ecb79af0,0x00000000ecb80000)
  to   space 11776K, 0% used [0x00000000ece00000,0x00000000ece00000,0x00000000ed980000)
 ParOldGen       total 331776K, used 263262K [0x00000000c0000000, 0x00000000d4400000, 0x00000000eab00000)
  object space 331776K, 79% used [0x00000000c0000000,0x00000000d0117a18,0x00000000d4400000)
 Metaspace       used 59653K, committed 60800K, reserved 1114112K
  class space    used 6491K, committed 7040K, reserved 1048576K
}
Event: 13.471 GC heap before
{Heap before GC invocations=150 (full 8):
 PSYoungGen      total 31744K, used 31718K [0x00000000eab00000, 0x00000000ed980000, 0x0000000100000000)
  eden space 24064K, 100% used [0x00000000eab00000,0x00000000ec280000,0x00000000ec280000)
  from space 7680K, 99% used [0x00000000ec400000,0x00000000ecb79af0,0x00000000ecb80000)
  to   space 11776K, 0% used [0x00000000ece00000,0x00000000ece00000,0x00000000ed980000)
 ParOldGen       total 331776K, used 263262K [0x00000000c0000000, 0x00000000d4400000, 0x00000000eab00000)
  object space 331776K, 79% used [0x00000000c0000000,0x00000000d0117a18,0x00000000d4400000)
 Metaspace       used 59657K, committed 60800K, reserved 1114112K
  class space    used 6491K, committed 7040K, reserved 1048576K
}
Event: 13.475 GC heap after
{Heap after GC invocations=150 (full 8):
 PSYoungGen      total 35840K, used 9244K [0x00000000eab00000, 0x00000000ed780000, 0x0000000100000000)
  eden space 26112K, 0% used [0x00000000eab00000,0x00000000eab00000,0x00000000ec480000)
  from space 9728K, 95% used [0x00000000ece00000,0x00000000ed7070a8,0x00000000ed780000)
  to   space 9728K, 0% used [0x00000000ec480000,0x00000000ec480000,0x00000000ece00000)
 ParOldGen       total 331776K, used 266909K [0x00000000c0000000, 0x00000000d4400000, 0x00000000eab00000)
  object space 331776K, 80% used [0x00000000c0000000,0x00000000d04a7450,0x00000000d4400000)
 Metaspace       used 59657K, committed 60800K, reserved 1114112K
  class space    used 6491K, committed 7040K, reserved 1048576K
}
Event: 13.530 GC heap before
{Heap before GC invocations=151 (full 8):
 PSYoungGen      total 35840K, used 35356K [0x00000000eab00000, 0x00000000ed780000, 0x0000000100000000)
  eden space 26112K, 100% used [0x00000000eab00000,0x00000000ec480000,0x00000000ec480000)
  from space 9728K, 95% used [0x00000000ece00000,0x00000000ed7070a8,0x00000000ed780000)
  to   space 9728K, 0% used [0x00000000ec480000,0x00000000ec480000,0x00000000ece00000)
 ParOldGen       total 331776K, used 266909K [0x00000000c0000000, 0x00000000d4400000, 0x00000000eab00000)
  object space 331776K, 80% used [0x00000000c0000000,0x00000000d04a7450,0x00000000d4400000)
 Metaspace       used 59658K, committed 60800K, reserved 1114112K
  class space    used 6491K, committed 7040K, reserved 1048576K
}
Event: 13.534 GC heap after
{Heap after GC invocations=151 (full 8):
 PSYoungGen      total 35840K, used 9717K [0x00000000eab00000, 0x00000000ee580000, 0x0000000100000000)
  eden space 26112K, 0% used [0x00000000eab00000,0x00000000eab00000,0x00000000ec480000)
  from space 9728K, 99% used [0x00000000ec480000,0x00000000ecdfd7d8,0x00000000ece00000)
  to   space 15872K, 0% used [0x00000000ed600000,0x00000000ed600000,0x00000000ee580000)
 ParOldGen       total 331776K, used 271703K [0x00000000c0000000, 0x00000000d4400000, 0x00000000eab00000)
  object space 331776K, 81% used [0x00000000c0000000,0x00000000d0955db8,0x00000000d4400000)
 Metaspace       used 59658K, committed 60800K, reserved 1114112K
  class space    used 6491K, committed 7040K, reserved 1048576K
}
Event: 13.579 GC heap before
{Heap before GC invocations=152 (full 8):
 PSYoungGen      total 35840K, used 35829K [0x00000000eab00000, 0x00000000ee580000, 0x0000000100000000)
  eden space 26112K, 100% used [0x00000000eab00000,0x00000000ec480000,0x00000000ec480000)
  from space 9728K, 99% used [0x00000000ec480000,0x00000000ecdfd7d8,0x00000000ece00000)
  to   space 15872K, 0% used [0x00000000ed600000,0x00000000ed600000,0x00000000ee580000)
 ParOldGen       total 331776K, used 271703K [0x00000000c0000000, 0x00000000d4400000, 0x00000000eab00000)
  object space 331776K, 81% used [0x00000000c0000000,0x00000000d0955db8,0x00000000d4400000)
 Metaspace       used 59663K, committed 60800K, reserved 1114112K
  class space    used 6491K, committed 7040K, reserved 1048576K
}
Event: 13.585 GC heap after
{Heap after GC invocations=152 (full 8):
 PSYoungGen      total 39424K, used 10331K [0x00000000eab00000, 0x00000000ee080000, 0x0000000100000000)
  eden space 28672K, 0% used [0x00000000eab00000,0x00000000eab00000,0x00000000ec700000)
  from space 10752K, 96% used [0x00000000ed600000,0x00000000ee016e18,0x00000000ee080000)
  to   space 12288K, 0% used [0x00000000ec880000,0x00000000ec880000,0x00000000ed480000)
 ParOldGen       total 331776K, used 277652K [0x00000000c0000000, 0x00000000d4400000, 0x00000000eab00000)
  object space 331776K, 83% used [0x00000000c0000000,0x00000000d0f251d8,0x00000000d4400000)
 Metaspace       used 59663K, committed 60800K, reserved 1114112K
  class space    used 6491K, committed 7040K, reserved 1048576K
}
Event: 13.624 GC heap before
{Heap before GC invocations=153 (full 8):
 PSYoungGen      total 39424K, used 39003K [0x00000000eab00000, 0x00000000ee080000, 0x0000000100000000)
  eden space 28672K, 100% used [0x00000000eab00000,0x00000000ec700000,0x00000000ec700000)
  from space 10752K, 96% used [0x00000000ed600000,0x00000000ee016e18,0x00000000ee080000)
  to   space 12288K, 0% used [0x00000000ec880000,0x00000000ec880000,0x00000000ed480000)
 ParOldGen       total 331776K, used 277652K [0x00000000c0000000, 0x00000000d4400000, 0x00000000eab00000)
  object space 331776K, 83% used [0x00000000c0000000,0x00000000d0f251d8,0x00000000d4400000)
 Metaspace       used 59663K, committed 60800K, reserved 1114112K
  class space    used 6491K, committed 7040K, reserved 1048576K
}
Event: 13.628 GC heap after
{Heap after GC invocations=153 (full 8):
 PSYoungGen      total 42496K, used 12285K [0x00000000eab00000, 0x00000000eee80000, 0x0000000100000000)
  eden space 30208K, 0% used [0x00000000eab00000,0x00000000eab00000,0x00000000ec880000)
  from space 12288K, 99% used [0x00000000ec880000,0x00000000ed47f438,0x00000000ed480000)
  to   space 18944K, 0% used [0x00000000edc00000,0x00000000edc00000,0x00000000eee80000)
 ParOldGen       total 331776K, used 282709K [0x00000000c0000000, 0x00000000d4400000, 0x00000000eab00000)
  object space 331776K, 85% used [0x00000000c0000000,0x00000000d1415518,0x00000000d4400000)
 Metaspace       used 59663K, committed 60800K, reserved 1114112K
  class space    used 6491K, committed 7040K, reserved 1048576K
}
Event: 13.658 GC heap before
{Heap before GC invocations=154 (full 8):
 PSYoungGen      total 42496K, used 42490K [0x00000000eab00000, 0x00000000eee80000, 0x0000000100000000)
  eden space 30208K, 99% used [0x00000000eab00000,0x00000000ec87f6c8,0x00000000ec880000)
  from space 12288K, 99% used [0x00000000ec880000,0x00000000ed47f438,0x00000000ed480000)
  to   space 18944K, 0% used [0x00000000edc00000,0x00000000edc00000,0x00000000eee80000)
 ParOldGen       total 331776K, used 282709K [0x00000000c0000000, 0x00000000d4400000, 0x00000000eab00000)
  object space 331776K, 85% used [0x00000000c0000000,0x00000000d1415518,0x00000000d4400000)
 Metaspace       used 59663K, committed 60800K, reserved 1114112K
  class space    used 6491K, committed 7040K, reserved 1048576K
}
Event: 13.664 GC heap after
{Heap after GC invocations=154 (full 8):
 PSYoungGen      total 49152K, used 15146K [0x00000000eab00000, 0x00000000eeb80000, 0x0000000100000000)
  eden space 33280K, 0% used [0x00000000eab00000,0x00000000eab00000,0x00000000ecb80000)
  from space 15872K, 95% used [0x00000000edc00000,0x00000000eeacaa78,0x00000000eeb80000)
  to   space 16384K, 0% used [0x00000000ecb80000,0x00000000ecb80000,0x00000000edb80000)
 ParOldGen       total 331776K, used 290285K [0x00000000c0000000, 0x00000000d4400000, 0x00000000eab00000)
  object space 331776K, 87% used [0x00000000c0000000,0x00000000d1b7b4c0,0x00000000d4400000)
 Metaspace       used 59663K, committed 60800K, reserved 1114112K
  class space    used 6491K, committed 7040K, reserved 1048576K
}
Event: 13.691 GC heap before
{Heap before GC invocations=155 (full 8):
 PSYoungGen      total 49152K, used 48426K [0x00000000eab00000, 0x00000000eeb80000, 0x0000000100000000)
  eden space 33280K, 100% used [0x00000000eab00000,0x00000000ecb80000,0x00000000ecb80000)
  from space 15872K, 95% used [0x00000000edc00000,0x00000000eeacaa78,0x00000000eeb80000)
  to   space 16384K, 0% used [0x00000000ecb80000,0x00000000ecb80000,0x00000000edb80000)
 ParOldGen       total 331776K, used 290285K [0x00000000c0000000, 0x00000000d4400000, 0x00000000eab00000)
  object space 331776K, 87% used [0x00000000c0000000,0x00000000d1b7b4c0,0x00000000d4400000)
 Metaspace       used 59663K, committed 60800K, reserved 1114112K
  class space    used 6491K, committed 7040K, reserved 1048576K
}
Event: 13.697 GC heap after
{Heap after GC invocations=155 (full 8):
 PSYoungGen      total 49664K, used 16377K [0x00000000eab00000, 0x00000000f0980000, 0x0000000100000000)
  eden space 33280K, 0% used [0x00000000eab00000,0x00000000eab00000,0x00000000ecb80000)
  from space 16384K, 99% used [0x00000000ecb80000,0x00000000edb7e620,0x00000000edb80000)
  to   space 30208K, 0% used [0x00000000eec00000,0x00000000eec00000,0x00000000f0980000)
 ParOldGen       total 331776K, used 301536K [0x00000000c0000000, 0x00000000d4400000, 0x00000000eab00000)
  object space 331776K, 90% used [0x00000000c0000000,0x00000000d26781c0,0x00000000d4400000)
 Metaspace       used 59663K, committed 60800K, reserved 1114112K
  class space    used 6491K, committed 7040K, reserved 1048576K
}
Event: 13.919 GC heap before
{Heap before GC invocations=156 (full 8):
 PSYoungGen      total 49664K, used 49657K [0x00000000eab00000, 0x00000000f0980000, 0x0000000100000000)
  eden space 33280K, 100% used [0x00000000eab00000,0x00000000ecb80000,0x00000000ecb80000)
  from space 16384K, 99% used [0x00000000ecb80000,0x00000000edb7e620,0x00000000edb80000)
  to   space 30208K, 0% used [0x00000000eec00000,0x00000000eec00000,0x00000000f0980000)
 ParOldGen       total 331776K, used 301536K [0x00000000c0000000, 0x00000000d4400000, 0x00000000eab00000)
  object space 331776K, 90% used [0x00000000c0000000,0x00000000d26781c0,0x00000000d4400000)
 Metaspace       used 61125K, committed 62336K, reserved 1114112K
  class space    used 6631K, committed 7168K, reserved 1048576K
}
Event: 13.929 GC heap after
{Heap after GC invocations=156 (full 8):
 PSYoungGen      total 54272K, used 17772K [0x00000000eab00000, 0x00000000efd80000, 0x0000000100000000)
  eden space 36352K, 0% used [0x00000000eab00000,0x00000000eab00000,0x00000000ece80000)
  from space 17920K, 99% used [0x00000000eec00000,0x00000000efd5b208,0x00000000efd80000)
  to   space 21504K, 0% used [0x00000000ed380000,0x00000000ed380000,0x00000000ee880000)
 ParOldGen       total 331776K, used 310879K [0x00000000c0000000, 0x00000000d4400000, 0x00000000eab00000)
  object space 331776K, 93% used [0x00000000c0000000,0x00000000d2f97ce0,0x00000000d4400000)
 Metaspace       used 61125K, committed 62336K, reserved 1114112K
  class space    used 6631K, committed 7168K, reserved 1048576K
}
Event: 14.103 GC heap before
{Heap before GC invocations=157 (full 8):
 PSYoungGen      total 54272K, used 54075K [0x00000000eab00000, 0x00000000efd80000, 0x0000000100000000)
  eden space 36352K, 99% used [0x00000000eab00000,0x00000000ece73b20,0x00000000ece80000)
  from space 17920K, 99% used [0x00000000eec00000,0x00000000efd5b208,0x00000000efd80000)
  to   space 21504K, 0% used [0x00000000ed380000,0x00000000ed380000,0x00000000ee880000)
 ParOldGen       total 331776K, used 310879K [0x00000000c0000000, 0x00000000d4400000, 0x00000000eab00000)
  object space 331776K, 93% used [0x00000000c0000000,0x00000000d2f97ce0,0x00000000d4400000)
 Metaspace       used 62624K, committed 63872K, reserved 1114112K
  class space    used 6805K, committed 7360K, reserved 1048576K
}
Event: 14.113 GC heap after
{Heap after GC invocations=157 (full 8):
 PSYoungGen      total 60928K, used 21490K [0x00000000eab00000, 0x00000000f0f80000, 0x0000000100000000)
  eden space 39424K, 0% used [0x00000000eab00000,0x00000000eab00000,0x00000000ed180000)
  from space 21504K, 99% used [0x00000000ed380000,0x00000000ee87cb88,0x00000000ee880000)
  to   space 31744K, 0% used [0x00000000ef080000,0x00000000ef080000,0x00000000f0f80000)
 ParOldGen       total 331776K, used 318957K [0x00000000c0000000, 0x00000000d4400000, 0x00000000eab00000)
  object space 331776K, 96% used [0x00000000c0000000,0x00000000d377b640,0x00000000d4400000)
 Metaspace       used 62624K, committed 63872K, reserved 1114112K
  class space    used 6805K, committed 7360K, reserved 1048576K
}
Event: 14.309 GC heap before
{Heap before GC invocations=158 (full 8):
 PSYoungGen      total 60928K, used 60914K [0x00000000eab00000, 0x00000000f0f80000, 0x0000000100000000)
  eden space 39424K, 100% used [0x00000000eab00000,0x00000000ed180000,0x00000000ed180000)
  from space 21504K, 99% used [0x00000000ed380000,0x00000000ee87cb88,0x00000000ee880000)
  to   space 31744K, 0% used [0x00000000ef080000,0x00000000ef080000,0x00000000f0f80000)
 ParOldGen       total 331776K, used 318957K [0x00000000c0000000, 0x00000000d4400000, 0x00000000eab00000)
  object space 331776K, 96% used [0x00000000c0000000,0x00000000d377b640,0x00000000d4400000)
 Metaspace       used 63974K, committed 65088K, reserved 1114112K
  class space    used 6929K, committed 7424K, reserved 1048576K
}
Event: 14.321 GC heap after
{Heap after GC invocations=158 (full 8):
 PSYoungGen      total 68096K, used 25382K [0x00000000eab00000, 0x00000000f0980000, 0x0000000100000000)
  eden space 42496K, 0% used [0x00000000eab00000,0x00000000eab00000,0x00000000ed480000)
  from space 25600K, 99% used [0x00000000ef080000,0x00000000f0949830,0x00000000f0980000)
  to   space 27136K, 0% used [0x00000000ed480000,0x00000000ed480000,0x00000000eef00000)
 ParOldGen       total 331776K, used 328769K [0x00000000c0000000, 0x00000000d4400000, 0x00000000eab00000)
  object space 331776K, 99% used [0x00000000c0000000,0x00000000d41106f0,0x00000000d4400000)
 Metaspace       used 63974K, committed 65088K, reserved 1114112K
  class space    used 6929K, committed 7424K, reserved 1048576K
}
Event: 14.541 GC heap before
{Heap before GC invocations=159 (full 9):
 PSYoungGen      total 68096K, used 67855K [0x00000000eab00000, 0x00000000f0980000, 0x0000000100000000)
  eden space 42496K, 99% used [0x00000000eab00000,0x00000000ed47a5d0,0x00000000ed480000)
  from space 25600K, 99% used [0x00000000ef080000,0x00000000f0949830,0x00000000f0980000)
  to   space 27136K, 0% used [0x00000000ed480000,0x00000000ed480000,0x00000000eef00000)
 ParOldGen       total 331776K, used 328769K [0x00000000c0000000, 0x00000000d4400000, 0x00000000eab00000)
  object space 331776K, 99% used [0x00000000c0000000,0x00000000d41106f0,0x00000000d4400000)
 Metaspace       used 66022K, committed 67264K, reserved 1114112K
  class space    used 7156K, committed 7680K, reserved 1048576K
}

